<?xml version="1.0" encoding="UTF-8"?>
<!-- Generated by org.testng.reporters.JUnitReportReporter -->
<testsuite hostname="LTIN232602" failures="0" tests="3" name="testCases.TC_003_LoginSignUp" time="212.000" errors="0" timestamp="2024-02-06T10:41:34 IST" skipped="0">
  <testcase classname="testCases.TC_003_LoginSignUp" name="upcomingBikes" time="137.564"/>
  <system-out/>
  <testcase classname="testCases.TC_003_LoginSignUp" name="usedCars" time="68.131"/>
  <system-out/>
  <testcase classname="testCases.TC_003_LoginSignUp" name="sign" time="6.305"/>
  <system-out/>
</testsuite> <!-- testCases.TC_003_LoginSignUp -->
