<?xml version="1.0" encoding="UTF-8"?>
<!-- Generated by org.testng.reporters.JUnitReportReporter -->
<testsuite hostname="LTIN232602" failures="0" tests="3" name="testCases.TC_003_LoginSignUp" time="195.083" errors="0" timestamp="2024-02-05T10:29:41 IST" skipped="0">
  <testcase classname="testCases.TC_003_LoginSignUp" name="upcomingBikes" time="116.850"/>
  <system-out/>
  <testcase classname="testCases.TC_003_LoginSignUp" name="usedCars" time="73.406"/>
  <system-out/>
  <testcase classname="testCases.TC_003_LoginSignUp" name="sign" time="4.827"/>
  <system-out/>
</testsuite> <!-- testCases.TC_003_LoginSignUp -->
